<?xml version="1.0" encoding="UTF-8"?>
<Site BuildName="Win32-mingw32-make"
	BuildStamp="20240102-1656-Experimental"
	Name="DESKTOP-3RGD7RA"
	Generator="ctest-3.25.2"
	CompilerName="C:/msys64/mingw64/bin/g++.exe"
	CompilerVersion="13.1.0"
	OSName="Windows"
	Hostname="DESKTOP-3RGD7RA"
	OSRelease=" Personal"
	OSVersion=" (Build 22621)"
	OSPlatform="AMD64"
	Is64Bits="1"
	VendorString="GenuineIntel"
	VendorID="Intel Corporation"
	FamilyID="6"
	ModelID="7"
	ProcessorCacheSize="-1"
	NumberOfLogicalCPU="12"
	NumberOfPhysicalCPU="6"
	TotalVirtualMemory="25956"
	TotalPhysicalMemory="16228"
	LogicalProcessorsPerPhysical="2"
	ProcessorClockFrequency="2725"
	>
	<Testing>
		<StartDateTime>Jan 02 16:56 GMT Standard Time</StartDateTime>
		<StartTestTime>1704214619</StartTestTime>
		<TestList/>
		<EndDateTime>Jan 02 16:56 GMT Standard Time</EndDateTime>
		<EndTestTime>1704214619</EndTestTime>
		<ElapsedMinutes>0</ElapsedMinutes>
	</Testing>
</Site>
