<?xml version="1.0" encoding="UTF-8"?>
<Site BuildName="Win32-mingw32-make"
	BuildStamp="20231005-2025-Experimental"
	Name="DESKTOP-3RGD7RA"
	Generator="ctest-3.25.2"
	CompilerName="C:/msys64/mingw64/bin/g++.exe"
	CompilerVersion="13.1.0"
	OSName="Windows"
	Hostname="DESKTOP-3RGD7RA"
	OSRelease=" Personal"
	OSVersion=" (Build 22621)"
	OSPlatform="AMD64"
	Is64Bits="1"
	VendorString="GenuineIntel"
	VendorID="Intel Corporation"
	FamilyID="6"
	ModelID="7"
	ProcessorCacheSize="-1"
	NumberOfLogicalCPU="12"
	NumberOfPhysicalCPU="6"
	TotalVirtualMemory="32612"
	TotalPhysicalMemory="16228"
	LogicalProcessorsPerPhysical="2"
	ProcessorClockFrequency="2496"
	>
	<Testing>
		<StartDateTime>Oct 05 21:25 GMT Summer Time</StartDateTime>
		<StartTestTime>1696537554</StartTestTime>
		<TestList/>
		<EndDateTime>Oct 05 21:25 GMT Summer Time</EndDateTime>
		<EndTestTime>1696537554</EndTestTime>
		<ElapsedMinutes>0</ElapsedMinutes>
	</Testing>
</Site>
